<?xml version="1.0" encoding="UTF-8"?>
<robot generator="Robot 4.0.3 (Python 3.8.8 on win32)" generated="20210610 03:04:59.542" rpa="false" schemaversion="2">
<suite id="s1" name="Garden" source="C:\qaninja\sunflower\app\test\garden.robot">
<test id="s1-t1" name="Cenário 01: Adicionar fruto">
<kw name="Open Session" library="base" type="SETUP">
<kw name="Set Appium Timeout" library="AppiumLibrary">
<arg>5</arg>
<doc>Sets the timeout in seconds used by various keywords.</doc>
<status status="PASS" starttime="20210610 03:04:59.736" endtime="20210610 03:04:59.737"/>
</kw>
<kw name="Open Application" library="AppiumLibrary">
<arg>http://localhost:4723/wd/hub</arg>
<arg>automationName=UiAutomator2</arg>
<arg>platformName=Android</arg>
<arg>deviceName=Emulator</arg>
<arg>app=${EXECDIR}/../sunflower.apk</arg>
<doc>Opens a new application to given Appium server.
Capabilities of appium server, Android and iOS,
Please check https://github.com/appium/appium/blob/master/docs/en/writing-running-appium/server-args.md
| *Option*            | *Man.* | *Description*     |
| remote_url          | Yes    | Appium server url |
| alias               | no     | alias             |</doc>
<status status="PASS" starttime="20210610 03:04:59.737" endtime="20210610 03:05:09.369"/>
</kw>
<status status="PASS" starttime="20210610 03:04:59.736" endtime="20210610 03:05:09.369"/>
</kw>
<kw name="Dado que esteja na tela inicial do app sunflower" library="BDDpt-br" sourcename="Dado ${keyword}">
<kw name="Run Keyword" library="BuiltIn">
<arg>${keyword}</arg>
<doc>Executes the given keyword with the given arguments.</doc>
<kw name="que esteja na tela inicial do app sunflower" library="helper">
<kw name="Element Attribute Should Match" library="AppiumLibrary">
<arg>${ElementGarden}</arg>
<arg>selected</arg>
<arg>true</arg>
<doc>Verify that an attribute of an element matches the expected criteria.</doc>
<msg timestamp="20210610 03:05:10.003" level="INFO">Element 'xpath=//android.widget.LinearLayout[@content-desc="My garden"]' attribute 'selected' is 'true' </msg>
<status status="PASS" starttime="20210610 03:05:09.371" endtime="20210610 03:05:10.004"/>
</kw>
<status status="PASS" starttime="20210610 03:05:09.371" endtime="20210610 03:05:10.004"/>
</kw>
<status status="PASS" starttime="20210610 03:05:09.370" endtime="20210610 03:05:10.004"/>
</kw>
<status status="PASS" starttime="20210610 03:05:09.370" endtime="20210610 03:05:10.004"/>
</kw>
<kw name="Quando clicar em add plant" library="BDDpt-br" sourcename="Quando ${keyword}">
<kw name="Run Keyword" library="BuiltIn">
<arg>${keyword}</arg>
<doc>Executes the given keyword with the given arguments.</doc>
<kw name="clicar em add plant" library="helper">
<kw name="Wait Until Page Contains" library="AppiumLibrary">
<arg>${AddPlant}</arg>
<doc>Waits until `text` appears on current page.</doc>
<status status="PASS" starttime="20210610 03:05:10.005" endtime="20210610 03:05:10.074"/>
</kw>
<kw name="Click Text" library="AppiumLibrary">
<arg>${AddPlant}</arg>
<doc>Click text identified by ``text``.</doc>
<status status="PASS" starttime="20210610 03:05:10.074" endtime="20210610 03:05:10.233"/>
</kw>
<status status="PASS" starttime="20210610 03:05:10.005" endtime="20210610 03:05:10.233"/>
</kw>
<status status="PASS" starttime="20210610 03:05:10.004" endtime="20210610 03:05:10.233"/>
</kw>
<status status="PASS" starttime="20210610 03:05:10.004" endtime="20210610 03:05:10.233"/>
</kw>
<kw name="E selecionar o fruto desejado" library="BDDpt-br" sourcename="E ${keyword}">
<kw name="Run Keyword" library="BuiltIn">
<arg>${keyword}</arg>
<doc>Executes the given keyword with the given arguments.</doc>
<kw name="selecionar o fruto desejado" library="helper">
<kw name="Element Attribute Should Match" library="AppiumLibrary">
<arg>${ElementPlantList}</arg>
<arg>selected</arg>
<arg>true</arg>
<doc>Verify that an attribute of an element matches the expected criteria.</doc>
<msg timestamp="20210610 03:05:11.219" level="INFO">Element 'xpath=//android.widget.LinearLayout[@content-desc="Plant list"]' attribute 'selected' is 'true' </msg>
<status status="PASS" starttime="20210610 03:05:10.235" endtime="20210610 03:05:11.219"/>
</kw>
<kw name="Escolher fruto" library="helper">
<arg>${plantApple}</arg>
<kw name="Wait Until Page Contains" library="AppiumLibrary">
<arg>${target}</arg>
<doc>Waits until `text` appears on current page.</doc>
<status status="PASS" starttime="20210610 03:05:11.220" endtime="20210610 03:05:11.303"/>
</kw>
<kw name="Click Text" library="AppiumLibrary">
<arg>${target}</arg>
<doc>Click text identified by ``text``.</doc>
<status status="PASS" starttime="20210610 03:05:11.303" endtime="20210610 03:05:11.418"/>
</kw>
<status status="PASS" starttime="20210610 03:05:11.219" endtime="20210610 03:05:11.418"/>
</kw>
<status status="PASS" starttime="20210610 03:05:10.235" endtime="20210610 03:05:11.419"/>
</kw>
<status status="PASS" starttime="20210610 03:05:10.235" endtime="20210610 03:05:11.419"/>
</kw>
<status status="PASS" starttime="20210610 03:05:10.234" endtime="20210610 03:05:11.419"/>
</kw>
<kw name="E clicar em add" library="BDDpt-br" sourcename="E ${keyword}">
<kw name="Run Keyword" library="BuiltIn">
<arg>${keyword}</arg>
<doc>Executes the given keyword with the given arguments.</doc>
<kw name="clicar em add" library="helper">
<kw name="Wait Until Page Contains Element" library="AppiumLibrary">
<arg>${IdAdd}</arg>
<doc>Waits until element specified with `locator` appears on current page.</doc>
<status status="PASS" starttime="20210610 03:05:11.421" endtime="20210610 03:05:12.196"/>
</kw>
<kw name="Click Element" library="AppiumLibrary">
<arg>${IdAdd}</arg>
<doc>Click element identified by `locator`.</doc>
<msg timestamp="20210610 03:05:12.197" level="INFO">Clicking element 'id=com.google.samples.apps.sunflower:id/fab'.</msg>
<status status="PASS" starttime="20210610 03:05:12.196" endtime="20210610 03:05:12.264"/>
</kw>
<status status="PASS" starttime="20210610 03:05:11.421" endtime="20210610 03:05:12.264"/>
</kw>
<status status="PASS" starttime="20210610 03:05:11.421" endtime="20210610 03:05:12.264"/>
</kw>
<status status="PASS" starttime="20210610 03:05:11.420" endtime="20210610 03:05:12.264"/>
</kw>
<kw name="Então sistema adicionará o fruto escolhido ao Jardim" library="BDDpt-br" sourcename="Então ${keyword}">
<kw name="Run Keyword" library="BuiltIn">
<arg>${keyword}</arg>
<doc>Executes the given keyword with the given arguments.</doc>
<kw name="sistema adicionará o fruto escolhido ao Jardim" library="helper">
<kw name="Wait Until Page Contains Element" library="AppiumLibrary">
<arg>${PlantAdd}</arg>
<doc>Waits until element specified with `locator` appears on current page.</doc>
<status status="PASS" starttime="20210610 03:05:12.266" endtime="20210610 03:05:13.033"/>
</kw>
<kw name="Element Text Should Be" library="AppiumLibrary">
<arg>${PlantAdd}</arg>
<arg>Added plant to garden</arg>
<doc>Verifies element identified by ``locator`` exactly contains text ``expected``.</doc>
<msg timestamp="20210610 03:05:13.035" level="INFO">Verifying element 'id=com.google.samples.apps.sunflower:id/snackbar_text' contains exactly text 'Added plant to garden'.</msg>
<status status="PASS" starttime="20210610 03:05:13.033" endtime="20210610 03:05:13.062"/>
</kw>
<status status="PASS" starttime="20210610 03:05:12.265" endtime="20210610 03:05:13.062"/>
</kw>
<status status="PASS" starttime="20210610 03:05:12.265" endtime="20210610 03:05:13.062"/>
</kw>
<status status="PASS" starttime="20210610 03:05:12.264" endtime="20210610 03:05:13.062"/>
</kw>
<kw name="Close Session" library="base" type="TEARDOWN">
<kw name="Close Application" library="AppiumLibrary">
<doc>Closes the current application and also close webdriver session.</doc>
<status status="PASS" starttime="20210610 03:05:13.063" endtime="20210610 03:05:13.507"/>
</kw>
<status status="PASS" starttime="20210610 03:05:13.063" endtime="20210610 03:05:13.507"/>
</kw>
<status status="PASS" starttime="20210610 03:04:59.736" endtime="20210610 03:05:13.508"/>
</test>
<test id="s1-t2" name="Cenário 02: Adicionar lista de frutos: ['Beet', 'Avocado']">
<kw name="Open Session" library="base" type="SETUP">
<kw name="Set Appium Timeout" library="AppiumLibrary">
<arg>5</arg>
<doc>Sets the timeout in seconds used by various keywords.</doc>
<status status="PASS" starttime="20210610 03:05:13.511" endtime="20210610 03:05:13.511"/>
</kw>
<kw name="Open Application" library="AppiumLibrary">
<arg>http://localhost:4723/wd/hub</arg>
<arg>automationName=UiAutomator2</arg>
<arg>platformName=Android</arg>
<arg>deviceName=Emulator</arg>
<arg>app=${EXECDIR}/../sunflower.apk</arg>
<doc>Opens a new application to given Appium server.
Capabilities of appium server, Android and iOS,
Please check https://github.com/appium/appium/blob/master/docs/en/writing-running-appium/server-args.md
| *Option*            | *Man.* | *Description*     |
| remote_url          | Yes    | Appium server url |
| alias               | no     | alias             |</doc>
<status status="PASS" starttime="20210610 03:05:13.512" endtime="20210610 03:05:23.289"/>
</kw>
<status status="PASS" starttime="20210610 03:05:13.511" endtime="20210610 03:05:23.289"/>
</kw>
<kw name="Dado que esteja na tela inicial do app sunflower" library="BDDpt-br" sourcename="Dado ${keyword}">
<kw name="Run Keyword" library="BuiltIn">
<arg>${keyword}</arg>
<doc>Executes the given keyword with the given arguments.</doc>
<kw name="que esteja na tela inicial do app sunflower" library="helper">
<kw name="Element Attribute Should Match" library="AppiumLibrary">
<arg>${ElementGarden}</arg>
<arg>selected</arg>
<arg>true</arg>
<doc>Verify that an attribute of an element matches the expected criteria.</doc>
<msg timestamp="20210610 03:05:23.724" level="INFO">Element 'xpath=//android.widget.LinearLayout[@content-desc="My garden"]' attribute 'selected' is 'true' </msg>
<status status="PASS" starttime="20210610 03:05:23.291" endtime="20210610 03:05:23.724"/>
</kw>
<status status="PASS" starttime="20210610 03:05:23.291" endtime="20210610 03:05:23.724"/>
</kw>
<status status="PASS" starttime="20210610 03:05:23.290" endtime="20210610 03:05:23.724"/>
</kw>
<status status="PASS" starttime="20210610 03:05:23.290" endtime="20210610 03:05:23.725"/>
</kw>
<kw name="Quando clicar em add plant" library="BDDpt-br" sourcename="Quando ${keyword}">
<kw name="Run Keyword" library="BuiltIn">
<arg>${keyword}</arg>
<doc>Executes the given keyword with the given arguments.</doc>
<kw name="clicar em add plant" library="helper">
<kw name="Wait Until Page Contains" library="AppiumLibrary">
<arg>${AddPlant}</arg>
<doc>Waits until `text` appears on current page.</doc>
<status status="PASS" starttime="20210610 03:05:23.727" endtime="20210610 03:05:23.835"/>
</kw>
<kw name="Click Text" library="AppiumLibrary">
<arg>${AddPlant}</arg>
<doc>Click text identified by ``text``.</doc>
<status status="PASS" starttime="20210610 03:05:23.835" endtime="20210610 03:05:23.969"/>
</kw>
<status status="PASS" starttime="20210610 03:05:23.726" endtime="20210610 03:05:23.969"/>
</kw>
<status status="PASS" starttime="20210610 03:05:23.726" endtime="20210610 03:05:23.969"/>
</kw>
<status status="PASS" starttime="20210610 03:05:23.725" endtime="20210610 03:05:23.970"/>
</kw>
<kw name="E selecionar os frutos desejados e adiconar" library="BDDpt-br" sourcename="E ${keyword}">
<kw name="Run Keyword" library="BuiltIn">
<arg>${keyword}</arg>
<doc>Executes the given keyword with the given arguments.</doc>
<kw name="selecionar os frutos desejados e adiconar" library="helper">
<for flavor="IN">
<var>${l}</var>
<value>@{plantList}</value>
<iter>
<var name="${l}">Beet</var>
<kw name="Element Attribute Should Match" library="AppiumLibrary">
<arg>${ElementPlantList}</arg>
<arg>selected</arg>
<arg>true</arg>
<doc>Verify that an attribute of an element matches the expected criteria.</doc>
<msg timestamp="20210610 03:05:25.026" level="INFO">Element 'xpath=//android.widget.LinearLayout[@content-desc="Plant list"]' attribute 'selected' is 'true' </msg>
<status status="PASS" starttime="20210610 03:05:23.973" endtime="20210610 03:05:25.027"/>
</kw>
<kw name="Escolher fruto" library="helper">
<arg>${l}</arg>
<kw name="Wait Until Page Contains" library="AppiumLibrary">
<arg>${target}</arg>
<doc>Waits until `text` appears on current page.</doc>
<status status="PASS" starttime="20210610 03:05:25.027" endtime="20210610 03:05:25.099"/>
</kw>
<kw name="Click Text" library="AppiumLibrary">
<arg>${target}</arg>
<doc>Click text identified by ``text``.</doc>
<status status="PASS" starttime="20210610 03:05:25.100" endtime="20210610 03:05:25.179"/>
</kw>
<status status="PASS" starttime="20210610 03:05:25.027" endtime="20210610 03:05:25.179"/>
</kw>
<kw name="Wait Until Page Contains Element" library="AppiumLibrary">
<arg>${IdAdd}</arg>
<doc>Waits until element specified with `locator` appears on current page.</doc>
<status status="PASS" starttime="20210610 03:05:25.179" endtime="20210610 03:05:25.373"/>
</kw>
<kw name="Click Element" library="AppiumLibrary">
<arg>${IdAdd}</arg>
<doc>Click element identified by `locator`.</doc>
<msg timestamp="20210610 03:05:25.376" level="INFO">Clicking element 'id=com.google.samples.apps.sunflower:id/fab'.</msg>
<status status="PASS" starttime="20210610 03:05:25.373" endtime="20210610 03:05:26.014"/>
</kw>
<kw name="Wait Until Page Contains Element" library="AppiumLibrary">
<arg>${PlantAdd}</arg>
<doc>Waits until element specified with `locator` appears on current page.</doc>
<status status="PASS" starttime="20210610 03:05:26.014" endtime="20210610 03:05:26.817"/>
</kw>
<kw name="Element Text Should Be" library="AppiumLibrary">
<arg>${PlantAdd}</arg>
<arg>Added plant to garden</arg>
<doc>Verifies element identified by ``locator`` exactly contains text ``expected``.</doc>
<msg timestamp="20210610 03:05:26.820" level="INFO">Verifying element 'id=com.google.samples.apps.sunflower:id/snackbar_text' contains exactly text 'Added plant to garden'.</msg>
<status status="PASS" starttime="20210610 03:05:26.817" endtime="20210610 03:05:26.858"/>
</kw>
<kw name="Click Element" library="AppiumLibrary">
<arg>${voltar}</arg>
<doc>Click element identified by `locator`.</doc>
<msg timestamp="20210610 03:05:26.861" level="INFO">Clicking element 'xpath=//hierarchy/android.widget.FrameLayout/android.widget.LinearLayout/android.widget.FrameLayout/android.widget.LinearLayout/android.widget.FrameLayout/android.widget.FrameLayout/android.widget.FrameLayout/android.view.ViewGroup/android.widget.LinearLayout/android.widget.FrameLayout/android.view.ViewGroup/android.widget.ImageButton'.</msg>
<status status="PASS" starttime="20210610 03:05:26.858" endtime="20210610 03:05:26.934"/>
</kw>
<status status="PASS" starttime="20210610 03:05:23.973" endtime="20210610 03:05:26.934"/>
</iter>
<iter>
<var name="${l}">Avocado</var>
<kw name="Element Attribute Should Match" library="AppiumLibrary">
<arg>${ElementPlantList}</arg>
<arg>selected</arg>
<arg>true</arg>
<doc>Verify that an attribute of an element matches the expected criteria.</doc>
<msg timestamp="20210610 03:05:28.630" level="INFO">Element 'xpath=//android.widget.LinearLayout[@content-desc="Plant list"]' attribute 'selected' is 'true' </msg>
<status status="PASS" starttime="20210610 03:05:26.934" endtime="20210610 03:05:28.630"/>
</kw>
<kw name="Escolher fruto" library="helper">
<arg>${l}</arg>
<kw name="Wait Until Page Contains" library="AppiumLibrary">
<arg>${target}</arg>
<doc>Waits until `text` appears on current page.</doc>
<status status="PASS" starttime="20210610 03:05:28.632" endtime="20210610 03:05:28.710"/>
</kw>
<kw name="Click Text" library="AppiumLibrary">
<arg>${target}</arg>
<doc>Click text identified by ``text``.</doc>
<status status="PASS" starttime="20210610 03:05:28.711" endtime="20210610 03:05:28.816"/>
</kw>
<status status="PASS" starttime="20210610 03:05:28.630" endtime="20210610 03:05:28.816"/>
</kw>
<kw name="Wait Until Page Contains Element" library="AppiumLibrary">
<arg>${IdAdd}</arg>
<doc>Waits until element specified with `locator` appears on current page.</doc>
<status status="PASS" starttime="20210610 03:05:28.816" endtime="20210610 03:05:29.835"/>
</kw>
<kw name="Click Element" library="AppiumLibrary">
<arg>${IdAdd}</arg>
<doc>Click element identified by `locator`.</doc>
<msg timestamp="20210610 03:05:29.838" level="INFO">Clicking element 'id=com.google.samples.apps.sunflower:id/fab'.</msg>
<status status="PASS" starttime="20210610 03:05:29.835" endtime="20210610 03:05:29.897"/>
</kw>
<kw name="Wait Until Page Contains Element" library="AppiumLibrary">
<arg>${PlantAdd}</arg>
<doc>Waits until element specified with `locator` appears on current page.</doc>
<status status="PASS" starttime="20210610 03:05:29.897" endtime="20210610 03:05:30.634"/>
</kw>
<kw name="Element Text Should Be" library="AppiumLibrary">
<arg>${PlantAdd}</arg>
<arg>Added plant to garden</arg>
<doc>Verifies element identified by ``locator`` exactly contains text ``expected``.</doc>
<msg timestamp="20210610 03:05:30.636" level="INFO">Verifying element 'id=com.google.samples.apps.sunflower:id/snackbar_text' contains exactly text 'Added plant to garden'.</msg>
<status status="PASS" starttime="20210610 03:05:30.634" endtime="20210610 03:05:30.660"/>
</kw>
<kw name="Click Element" library="AppiumLibrary">
<arg>${voltar}</arg>
<doc>Click element identified by `locator`.</doc>
<msg timestamp="20210610 03:05:30.662" level="INFO">Clicking element 'xpath=//hierarchy/android.widget.FrameLayout/android.widget.LinearLayout/android.widget.FrameLayout/android.widget.LinearLayout/android.widget.FrameLayout/android.widget.FrameLayout/android.widget.FrameLayout/android.view.ViewGroup/android.widget.LinearLayout/android.widget.FrameLayout/android.view.ViewGroup/android.widget.ImageButton'.</msg>
<status status="PASS" starttime="20210610 03:05:30.660" endtime="20210610 03:05:30.731"/>
</kw>
<status status="PASS" starttime="20210610 03:05:26.934" endtime="20210610 03:05:30.731"/>
</iter>
<status status="PASS" starttime="20210610 03:05:23.972" endtime="20210610 03:05:30.731"/>
</for>
<status status="PASS" starttime="20210610 03:05:23.972" endtime="20210610 03:05:30.731"/>
</kw>
<status status="PASS" starttime="20210610 03:05:23.972" endtime="20210610 03:05:30.732"/>
</kw>
<status status="PASS" starttime="20210610 03:05:23.971" endtime="20210610 03:05:30.732"/>
</kw>
<kw name="Então sistema apresentará os frutos em MY GARDEN" library="BDDpt-br" sourcename="Então ${keyword}">
<kw name="Run Keyword" library="BuiltIn">
<arg>${keyword}</arg>
<doc>Executes the given keyword with the given arguments.</doc>
<kw name="sistema apresentará os frutos em MY GARDEN" library="helper">
<kw name="Click Element" library="AppiumLibrary">
<arg>${ElementGarden}</arg>
<doc>Click element identified by `locator`.</doc>
<msg timestamp="20210610 03:05:30.736" level="INFO">Clicking element 'xpath=//android.widget.LinearLayout[@content-desc="My garden"]'.</msg>
<status status="PASS" starttime="20210610 03:05:30.734" endtime="20210610 03:05:31.537"/>
</kw>
<kw name="Page Should Contain Text" library="AppiumLibrary">
<arg>${plantList[0]}</arg>
<doc>Verifies that current page contains `text`.</doc>
<msg timestamp="20210610 03:05:31.671" level="INFO">Current page contains text 'Beet'.</msg>
<status status="PASS" starttime="20210610 03:05:31.538" endtime="20210610 03:05:31.671"/>
</kw>
<kw name="Page Should Contain Text" library="AppiumLibrary">
<arg>${plantList[1]}</arg>
<doc>Verifies that current page contains `text`.</doc>
<msg timestamp="20210610 03:05:32.437" level="INFO">Current page contains text 'Avocado'.</msg>
<status status="PASS" starttime="20210610 03:05:31.671" endtime="20210610 03:05:32.437"/>
</kw>
<status status="PASS" starttime="20210610 03:05:30.733" endtime="20210610 03:05:32.437"/>
</kw>
<status status="PASS" starttime="20210610 03:05:30.733" endtime="20210610 03:05:32.437"/>
</kw>
<status status="PASS" starttime="20210610 03:05:30.732" endtime="20210610 03:05:32.438"/>
</kw>
<kw name="Close Session" library="base" type="TEARDOWN">
<kw name="Close Application" library="AppiumLibrary">
<doc>Closes the current application and also close webdriver session.</doc>
<status status="PASS" starttime="20210610 03:05:32.439" endtime="20210610 03:05:32.996"/>
</kw>
<status status="PASS" starttime="20210610 03:05:32.438" endtime="20210610 03:05:32.997"/>
</kw>
<status status="PASS" starttime="20210610 03:05:13.510" endtime="20210610 03:05:32.997"/>
</test>
<status status="PASS" starttime="20210610 03:04:59.544" endtime="20210610 03:05:32.999"/>
</suite>
<statistics>
<total>
<stat pass="2" fail="0" skip="0">All Tests</stat>
</total>
<tag>
</tag>
<suite>
<stat pass="2" fail="0" skip="0" id="s1" name="Garden">Garden</stat>
</suite>
</statistics>
<errors>
</errors>
</robot>
